<?xml version="1.0" encoding="UTF-8" ?>
<testsuite errors="0" failures="1" hostname="steve-XPS-15-9570" name="clue.ClueTest" skipped="0" tests="1" time="0.111" timestamp="2019-04-03T14:22:40">
  <properties>
[...]
</properties>
  <testcase classname="clue.ClueTest" name="testMain" time="0.006">
    <failure message="The test case is a prototype." type="junit.framework.AssertionFailedError">junit.framework.AssertionFailedError: The test case is a prototype.
	at clue.ClueTest.testMain(ClueTest.java:49)
	at java.base/jdk.internal.reflect.NativeMethodAccessorImpl.invoke0(Native Method)
	at java.base/jdk.internal.reflect.NativeMethodAccessorImpl.invoke(NativeMethodAccessorImpl.java:62)
	at java.base/jdk.internal.reflect.DelegatingMethodAccessorImpl.invoke(DelegatingMethodAccessorImpl.java:43)
</failure>
  </testcase>
  <system-out><![CDATA[main
]]></system-out>
  <system-err><![CDATA[]]></system-err>
</testsuite>
